# JRE version: Java(TM) SE Runtime Environment (17.0.12+8) (build 17.0.12+8-LTS-286)
# Java VM: Java HotSpot(TM) 64-Bit Server VM (17.0.12+8-LTS-286, mixed mode, emulated-client, sharing, tiered, compressed oops, compressed class ptrs, g1 gc, windows-amd64)
GC Precious Log:
 CPUs: 4 total, 4 available
 Memory: 7975M
 Large Page Support: Disabled
 NUMA Support: Disabled
 Compressed Oops: Enabled (32-bit)
 Heap Region Size: 1M
 Heap Min Capacity: 8M
 Heap Initial Capacity: 126M
 Heap Max Capacity: 1994M
 Pre-touch: Disabled
 Parallel Workers: 4
 Concurrent Workers: 1
 Concurrent Refinement Workers: 4
 Periodic GC: Disabled
Heap:
 garbage-first heap   total 55296K, used 23694K [0x0000000083600000, 0x0000000100000000)
  region size 1024K, 1 young (1024K), 1 survivors (1024K)
 Metaspace       used 39569K, committed 40000K, reserved 1114112K
  class space    used 5737K, committed 5952K, reserved 1048576K
GC Heap History (20 events):
Event: 2.795 GC heap after
{Heap after GC invocations=2 (full 0):
 garbage-first heap   total 129024K, used 8794K [0x0000000083600000, 0x0000000100000000)
  region size 1024K, 1 young (1024K), 1 survivors (1024K)
 Metaspace       used 6779K, committed 7040K, reserved 1114112K
  class space    used 873K, committed 1024K, reserved 1048576K
}
Event: 4.091 GC heap before
{Heap before GC invocations=2 (full 0):
 garbage-first heap   total 129024K, used 31322K [0x0000000083600000, 0x0000000100000000)
  region size 1024K, 23 young (23552K), 1 survivors (1024K)
 Metaspace       used 11769K, committed 12160K, reserved 1114112K
  class space    used 1685K, committed 1856K, reserved 1048576K
}
Event: 4.094 GC heap after
{Heap after GC invocations=3 (full 0):
 garbage-first heap   total 129024K, used 10715K [0x0000000083600000, 0x0000000100000000)
  region size 1024K, 3 young (3072K), 3 survivors (3072K)
 Metaspace       used 11769K, committed 12160K, reserved 1114112K
  class space    used 1685K, committed 1856K, reserved 1048576K
}
Event: 5.289 GC heap before
{Heap before GC invocations=3 (full 0):
 garbage-first heap   total 129024K, used 62939K [0x0000000083600000, 0x0000000100000000)
  region size 1024K, 56 young (57344K), 3 survivors (3072K)
 Metaspace       used 21176K, committed 21504K, reserved 1114112K
  class space    used 2965K, committed 3136K, reserved 1048576K
}
Event: 5.306 GC heap after
{Heap after GC invocations=4 (full 0):
 garbage-first heap   total 129024K, used 14603K [0x0000000083600000, 0x0000000100000000)
  region size 1024K, 7 young (7168K), 7 survivors (7168K)
 Metaspace       used 21176K, committed 21504K, reserved 1114112K
  class space    used 2965K, committed 3136K, reserved 1048576K
}
Event: 6.225 GC heap before
{Heap before GC invocations=5 (full 0):
 garbage-first heap   total 55296K, used 43275K [0x0000000083600000, 0x0000000100000000)
  region size 1024K, 36 young (36864K), 7 survivors (7168K)
 Metaspace       used 24365K, committed 24832K, reserved 1114112K
  class space    used 3445K, committed 3648K, reserved 1048576K
}
Event: 6.235 GC heap after
{Heap after GC invocations=6 (full 0):
 garbage-first heap   total 55296K, used 17039K [0x0000000083600000, 0x0000000100000000)
  region size 1024K, 7 young (7168K), 7 survivors (7168K)
 Metaspace       used 24365K, committed 24832K, reserved 1114112K
  class space    used 3445K, committed 3648K, reserved 1048576K
}
Event: 6.295 GC heap before
{Heap before GC invocations=6 (full 0):
 garbage-first heap   total 55296K, used 18063K [0x0000000083600000, 0x0000000100000000)
  region size 1024K, 8 young (8192K), 7 survivors (7168K)
 Metaspace       used 24485K, committed 24896K, reserved 1114112K
  class space    used 3463K, committed 3648K, reserved 1048576K
}
Event: 6.303 GC heap after
{Heap after GC invocations=7 (full 0):
 garbage-first heap   total 55296K, used 17789K [0x0000000083600000, 0x0000000100000000)
  region size 1024K, 1 young (1024K), 1 survivors (1024K)
 Metaspace       used 24485K, committed 24896K, reserved 1114112K
  class space    used 3463K, committed 3648K, reserved 1048576K
}
Event: 7.154 GC heap before
{Heap before GC invocations=7 (full 0):
 garbage-first heap   total 55296K, used 38269K [0x0000000083600000, 0x0000000100000000)
  region size 1024K, 21 young (21504K), 1 survivors (1024K)
 Metaspace       used 26999K, committed 27456K, reserved 1114112K
  class space    used 3802K, committed 4032K, reserved 1048576K
}
Event: 7.160 GC heap after
{Heap after GC invocations=8 (full 0):
 garbage-first heap   total 55296K, used 18405K [0x0000000083600000, 0x0000000100000000)
  region size 1024K, 2 young (2048K), 2 survivors (2048K)
 Metaspace       used 26999K, committed 27456K, reserved 1114112K
  class space    used 3802K, committed 4032K, reserved 1048576K
}
Event: 7.997 GC heap before
{Heap before GC invocations=8 (full 0):
 garbage-first heap   total 55296K, used 38885K [0x0000000083600000, 0x0000000100000000)
  region size 1024K, 22 young (22528K), 2 survivors (2048K)
 Metaspace       used 29611K, committed 30016K, reserved 1114112K
  class space    used 4219K, committed 4416K, reserved 1048576K
}
Event: 8.003 GC heap after
{Heap after GC invocations=9 (full 0):
 garbage-first heap   total 55296K, used 19799K [0x0000000083600000, 0x0000000100000000)
  region size 1024K, 3 young (3072K), 3 survivors (3072K)
 Metaspace       used 29611K, committed 30016K, reserved 1114112K
  class space    used 4219K, committed 4416K, reserved 1048576K
}
Event: 8.692 GC heap before
{Heap before GC invocations=9 (full 0):
 garbage-first heap   total 55296K, used 40279K [0x0000000083600000, 0x0000000100000000)
  region size 1024K, 23 young (23552K), 3 survivors (3072K)
 Metaspace       used 32969K, committed 33472K, reserved 1114112K
  class space    used 4665K, committed 4928K, reserved 1048576K
}
Event: 8.700 GC heap after
{Heap after GC invocations=10 (full 0):
 garbage-first heap   total 55296K, used 21796K [0x0000000083600000, 0x0000000100000000)
  region size 1024K, 2 young (2048K), 2 survivors (2048K)
 Metaspace       used 32969K, committed 33472K, reserved 1114112K
  class space    used 4665K, committed 4928K, reserved 1048576K
}
Event: 9.482 GC heap before
{Heap before GC invocations=10 (full 0):
 garbage-first heap   total 55296K, used 38180K [0x0000000083600000, 0x0000000100000000)
  region size 1024K, 19 young (19456K), 2 survivors (2048K)
 Metaspace       used 35488K, committed 35968K, reserved 1114112K
  class space    used 5024K, committed 5248K, reserved 1048576K
}
Event: 9.489 GC heap after
{Heap after GC invocations=11 (full 0):
 garbage-first heap   total 55296K, used 22913K [0x0000000083600000, 0x0000000100000000)
  region size 1024K, 2 young (2048K), 2 survivors (2048K)
 Metaspace       used 35488K, committed 35968K, reserved 1114112K
  class space    used 5024K, committed 5248K, reserved 1048576K
}
Event: 9.948 GC heap before
{Heap before GC invocations=12 (full 0):
 garbage-first heap   total 55296K, used 42369K [0x0000000083600000, 0x0000000100000000)
  region size 1024K, 21 young (21504K), 2 survivors (2048K)
 Metaspace       used 39396K, committed 39872K, reserved 1114112K
  class space    used 5701K, committed 5952K, reserved 1048576K
}
Event: 9.954 GC heap after
{Heap after GC invocations=13 (full 0):
 garbage-first heap   total 55296K, used 23688K [0x0000000083600000, 0x0000000100000000)
  region size 1024K, 3 young (3072K), 3 survivors (3072K)
 Metaspace       used 39396K, committed 39872K, reserved 1114112K
  class space    used 5701K, committed 5952K, reserved 1048576K
}
Event: 9.973 GC heap before
{Heap before GC invocations=13 (full 0):
 garbage-first heap   total 55296K, used 23688K [0x0000000083600000, 0x0000000100000000)
  region size 1024K, 4 young (4096K), 3 survivors (3072K)
 Metaspace       used 39569K, committed 40000K, reserved 1114112K
  class space    used 5737K, committed 5952K, reserved 1048576K
}

